2019-10-17 16:50:23.725382 PDT | [10-17-vae-clevr_2019_10_17_16_50_21_0000--s-43788] --------------  --------
2019-10-17 16:50:23.725511 PDT | [10-17-vae-clevr_2019_10_17_16_50_21_0000--s-43788] train/epoch        0
2019-10-17 16:50:23.725577 PDT | [10-17-vae-clevr_2019_10_17_16_50_21_0000--s-43788] train/Log Prob  1181.97
2019-10-17 16:50:23.725636 PDT | [10-17-vae-clevr_2019_10_17_16_50_21_0000--s-43788] test/Log Prob   1154.19
2019-10-17 16:50:23.725694 PDT | [10-17-vae-clevr_2019_10_17_16_50_21_0000--s-43788] test/KL          921.042
2019-10-17 16:50:23.725750 PDT | [10-17-vae-clevr_2019_10_17_16_50_21_0000--s-43788] test/loss       2075.23
2019-10-17 16:50:23.725806 PDT | [10-17-vae-clevr_2019_10_17_16_50_21_0000--s-43788] test/Accuracy      0
2019-10-17 16:50:23.725861 PDT | [10-17-vae-clevr_2019_10_17_16_50_21_0000--s-43788] beta               0.01
2019-10-17 16:50:23.725916 PDT | [10-17-vae-clevr_2019_10_17_16_50_21_0000--s-43788] --------------  --------
2019-10-17 16:50:24.035836 PDT | [10-17-vae-clevr_2019_10_17_16_50_21_0000--s-43788] --------------  -------------
2019-10-17 16:50:24.035966 PDT | [10-17-vae-clevr_2019_10_17_16_50_21_0000--s-43788] train/epoch        1
2019-10-17 16:50:24.036039 PDT | [10-17-vae-clevr_2019_10_17_16_50_21_0000--s-43788] train/Log Prob  1146.57
2019-10-17 16:50:24.036107 PDT | [10-17-vae-clevr_2019_10_17_16_50_21_0000--s-43788] test/Log Prob   1128.35
2019-10-17 16:50:24.036172 PDT | [10-17-vae-clevr_2019_10_17_16_50_21_0000--s-43788] test/KL         1257.07
2019-10-17 16:50:24.036235 PDT | [10-17-vae-clevr_2019_10_17_16_50_21_0000--s-43788] test/loss       2385.41
2019-10-17 16:50:24.036299 PDT | [10-17-vae-clevr_2019_10_17_16_50_21_0000--s-43788] test/Accuracy      0.00234375
2019-10-17 16:50:24.036362 PDT | [10-17-vae-clevr_2019_10_17_16_50_21_0000--s-43788] beta               0.01
2019-10-17 16:50:24.036424 PDT | [10-17-vae-clevr_2019_10_17_16_50_21_0000--s-43788] --------------  -------------
2019-10-17 16:50:24.380952 PDT | [10-17-vae-clevr_2019_10_17_16_50_21_0000--s-43788] --------------  -----------
2019-10-17 16:50:24.381100 PDT | [10-17-vae-clevr_2019_10_17_16_50_21_0000--s-43788] train/epoch        2
2019-10-17 16:50:24.381174 PDT | [10-17-vae-clevr_2019_10_17_16_50_21_0000--s-43788] train/Log Prob  1129.14
2019-10-17 16:50:24.381243 PDT | [10-17-vae-clevr_2019_10_17_16_50_21_0000--s-43788] test/Log Prob   1108.44
2019-10-17 16:50:24.381309 PDT | [10-17-vae-clevr_2019_10_17_16_50_21_0000--s-43788] test/KL         1779.9
2019-10-17 16:50:24.381374 PDT | [10-17-vae-clevr_2019_10_17_16_50_21_0000--s-43788] test/loss       2888.34
2019-10-17 16:50:24.381438 PDT | [10-17-vae-clevr_2019_10_17_16_50_21_0000--s-43788] test/Accuracy      0.003125
2019-10-17 16:50:24.381501 PDT | [10-17-vae-clevr_2019_10_17_16_50_21_0000--s-43788] beta               0.01
2019-10-17 16:50:24.381564 PDT | [10-17-vae-clevr_2019_10_17_16_50_21_0000--s-43788] --------------  -----------
2019-10-17 16:50:24.737848 PDT | [10-17-vae-clevr_2019_10_17_16_50_21_0000--s-43788] --------------  -------------
2019-10-17 16:50:24.737981 PDT | [10-17-vae-clevr_2019_10_17_16_50_21_0000--s-43788] train/epoch        3
2019-10-17 16:50:24.738056 PDT | [10-17-vae-clevr_2019_10_17_16_50_21_0000--s-43788] train/Log Prob  1113.37
2019-10-17 16:50:24.738126 PDT | [10-17-vae-clevr_2019_10_17_16_50_21_0000--s-43788] test/Log Prob   1087.34
2019-10-17 16:50:24.738193 PDT | [10-17-vae-clevr_2019_10_17_16_50_21_0000--s-43788] test/KL         2200.64
2019-10-17 16:50:24.738258 PDT | [10-17-vae-clevr_2019_10_17_16_50_21_0000--s-43788] test/loss       3287.98
2019-10-17 16:50:24.738323 PDT | [10-17-vae-clevr_2019_10_17_16_50_21_0000--s-43788] test/Accuracy      0.00859375
2019-10-17 16:50:24.738388 PDT | [10-17-vae-clevr_2019_10_17_16_50_21_0000--s-43788] beta               0.01
2019-10-17 16:50:24.738452 PDT | [10-17-vae-clevr_2019_10_17_16_50_21_0000--s-43788] --------------  -------------
2019-10-17 16:50:25.093907 PDT | [10-17-vae-clevr_2019_10_17_16_50_21_0000--s-43788] --------------  -----------
2019-10-17 16:50:25.094041 PDT | [10-17-vae-clevr_2019_10_17_16_50_21_0000--s-43788] train/epoch        4
2019-10-17 16:50:25.094132 PDT | [10-17-vae-clevr_2019_10_17_16_50_21_0000--s-43788] train/Log Prob  1097.49
2019-10-17 16:50:25.094208 PDT | [10-17-vae-clevr_2019_10_17_16_50_21_0000--s-43788] test/Log Prob   1066.18
2019-10-17 16:50:25.094280 PDT | [10-17-vae-clevr_2019_10_17_16_50_21_0000--s-43788] test/KL         2736.3
2019-10-17 16:50:25.094351 PDT | [10-17-vae-clevr_2019_10_17_16_50_21_0000--s-43788] test/loss       3802.49
2019-10-17 16:50:25.094434 PDT | [10-17-vae-clevr_2019_10_17_16_50_21_0000--s-43788] test/Accuracy      0.021875
2019-10-17 16:50:25.094504 PDT | [10-17-vae-clevr_2019_10_17_16_50_21_0000--s-43788] beta               0.01
2019-10-17 16:50:25.094574 PDT | [10-17-vae-clevr_2019_10_17_16_50_21_0000--s-43788] --------------  -----------
2019-10-17 16:50:25.458475 PDT | [10-17-vae-clevr_2019_10_17_16_50_21_0000--s-43788] --------------  ------------
2019-10-17 16:50:25.458604 PDT | [10-17-vae-clevr_2019_10_17_16_50_21_0000--s-43788] train/epoch        5
2019-10-17 16:50:25.458678 PDT | [10-17-vae-clevr_2019_10_17_16_50_21_0000--s-43788] train/Log Prob  1082.74
2019-10-17 16:50:25.458746 PDT | [10-17-vae-clevr_2019_10_17_16_50_21_0000--s-43788] test/Log Prob   1051.12
2019-10-17 16:50:25.458812 PDT | [10-17-vae-clevr_2019_10_17_16_50_21_0000--s-43788] test/KL         3024.86
2019-10-17 16:50:25.458876 PDT | [10-17-vae-clevr_2019_10_17_16_50_21_0000--s-43788] test/loss       4075.97
2019-10-17 16:50:25.458939 PDT | [10-17-vae-clevr_2019_10_17_16_50_21_0000--s-43788] test/Accuracy      0.0226562
2019-10-17 16:50:25.459003 PDT | [10-17-vae-clevr_2019_10_17_16_50_21_0000--s-43788] beta               0.01
2019-10-17 16:50:25.459067 PDT | [10-17-vae-clevr_2019_10_17_16_50_21_0000--s-43788] --------------  ------------
2019-10-17 16:50:25.841403 PDT | [10-17-vae-clevr_2019_10_17_16_50_21_0000--s-43788] --------------  -----------
2019-10-17 16:50:25.841532 PDT | [10-17-vae-clevr_2019_10_17_16_50_21_0000--s-43788] train/epoch        6
2019-10-17 16:50:25.841606 PDT | [10-17-vae-clevr_2019_10_17_16_50_21_0000--s-43788] train/Log Prob  1072.31
2019-10-17 16:50:25.841676 PDT | [10-17-vae-clevr_2019_10_17_16_50_21_0000--s-43788] test/Log Prob   1037.92
2019-10-17 16:50:25.841742 PDT | [10-17-vae-clevr_2019_10_17_16_50_21_0000--s-43788] test/KL         3348.23
2019-10-17 16:50:25.841806 PDT | [10-17-vae-clevr_2019_10_17_16_50_21_0000--s-43788] test/loss       4386.14
2019-10-17 16:50:25.841870 PDT | [10-17-vae-clevr_2019_10_17_16_50_21_0000--s-43788] test/Accuracy      0.034375
2019-10-17 16:50:25.841933 PDT | [10-17-vae-clevr_2019_10_17_16_50_21_0000--s-43788] beta               0.01
2019-10-17 16:50:25.841996 PDT | [10-17-vae-clevr_2019_10_17_16_50_21_0000--s-43788] --------------  -----------
2019-10-17 16:50:26.206208 PDT | [10-17-vae-clevr_2019_10_17_16_50_21_0000--s-43788] --------------  ------------
2019-10-17 16:50:26.206342 PDT | [10-17-vae-clevr_2019_10_17_16_50_21_0000--s-43788] train/epoch        7
2019-10-17 16:50:26.206421 PDT | [10-17-vae-clevr_2019_10_17_16_50_21_0000--s-43788] train/Log Prob  1062.2
2019-10-17 16:50:26.206494 PDT | [10-17-vae-clevr_2019_10_17_16_50_21_0000--s-43788] test/Log Prob   1026.13
2019-10-17 16:50:26.206564 PDT | [10-17-vae-clevr_2019_10_17_16_50_21_0000--s-43788] test/KL         3573.88
2019-10-17 16:50:26.206632 PDT | [10-17-vae-clevr_2019_10_17_16_50_21_0000--s-43788] test/loss       4600.01
2019-10-17 16:50:26.206700 PDT | [10-17-vae-clevr_2019_10_17_16_50_21_0000--s-43788] test/Accuracy      0.0421875
2019-10-17 16:50:26.206769 PDT | [10-17-vae-clevr_2019_10_17_16_50_21_0000--s-43788] beta               0.01
2019-10-17 16:50:26.206836 PDT | [10-17-vae-clevr_2019_10_17_16_50_21_0000--s-43788] --------------  ------------
2019-10-17 16:50:26.580595 PDT | [10-17-vae-clevr_2019_10_17_16_50_21_0000--s-43788] --------------  ------------
2019-10-17 16:50:26.580722 PDT | [10-17-vae-clevr_2019_10_17_16_50_21_0000--s-43788] train/epoch        8
2019-10-17 16:50:26.580797 PDT | [10-17-vae-clevr_2019_10_17_16_50_21_0000--s-43788] train/Log Prob  1052.76
2019-10-17 16:50:26.580881 PDT | [10-17-vae-clevr_2019_10_17_16_50_21_0000--s-43788] test/Log Prob   1012.03
2019-10-17 16:50:26.580949 PDT | [10-17-vae-clevr_2019_10_17_16_50_21_0000--s-43788] test/KL         4014.95
2019-10-17 16:50:26.581022 PDT | [10-17-vae-clevr_2019_10_17_16_50_21_0000--s-43788] test/loss       5026.98
2019-10-17 16:50:26.581087 PDT | [10-17-vae-clevr_2019_10_17_16_50_21_0000--s-43788] test/Accuracy      0.0523438
2019-10-17 16:50:26.581151 PDT | [10-17-vae-clevr_2019_10_17_16_50_21_0000--s-43788] beta               0.01
2019-10-17 16:50:26.581215 PDT | [10-17-vae-clevr_2019_10_17_16_50_21_0000--s-43788] --------------  ------------
2019-10-17 16:50:26.952205 PDT | [10-17-vae-clevr_2019_10_17_16_50_21_0000--s-43788] --------------  ------------
2019-10-17 16:50:26.952333 PDT | [10-17-vae-clevr_2019_10_17_16_50_21_0000--s-43788] train/epoch        9
2019-10-17 16:50:26.952408 PDT | [10-17-vae-clevr_2019_10_17_16_50_21_0000--s-43788] train/Log Prob  1042.92
2019-10-17 16:50:26.952476 PDT | [10-17-vae-clevr_2019_10_17_16_50_21_0000--s-43788] test/Log Prob   1004.9
2019-10-17 16:50:26.952542 PDT | [10-17-vae-clevr_2019_10_17_16_50_21_0000--s-43788] test/KL         4312.16
2019-10-17 16:50:26.952606 PDT | [10-17-vae-clevr_2019_10_17_16_50_21_0000--s-43788] test/loss       5317.06
2019-10-17 16:50:26.952670 PDT | [10-17-vae-clevr_2019_10_17_16_50_21_0000--s-43788] test/Accuracy      0.0609375
2019-10-17 16:50:26.952734 PDT | [10-17-vae-clevr_2019_10_17_16_50_21_0000--s-43788] beta               0.01
2019-10-17 16:50:26.952797 PDT | [10-17-vae-clevr_2019_10_17_16_50_21_0000--s-43788] --------------  ------------
2019-10-17 16:50:27.339332 PDT | [10-17-vae-clevr_2019_10_17_16_50_21_0000--s-43788] --------------  ------------
2019-10-17 16:50:27.339462 PDT | [10-17-vae-clevr_2019_10_17_16_50_21_0000--s-43788] train/epoch       10
2019-10-17 16:50:27.339576 PDT | [10-17-vae-clevr_2019_10_17_16_50_21_0000--s-43788] train/Log Prob  1036.47
2019-10-17 16:50:27.339670 PDT | [10-17-vae-clevr_2019_10_17_16_50_21_0000--s-43788] test/Log Prob    995.722
2019-10-17 16:50:27.339762 PDT | [10-17-vae-clevr_2019_10_17_16_50_21_0000--s-43788] test/KL         4355.39
2019-10-17 16:50:27.339856 PDT | [10-17-vae-clevr_2019_10_17_16_50_21_0000--s-43788] test/loss       5351.12
2019-10-17 16:50:27.339946 PDT | [10-17-vae-clevr_2019_10_17_16_50_21_0000--s-43788] test/Accuracy      0.0789062
2019-10-17 16:50:27.340036 PDT | [10-17-vae-clevr_2019_10_17_16_50_21_0000--s-43788] beta               0.01
2019-10-17 16:50:27.340124 PDT | [10-17-vae-clevr_2019_10_17_16_50_21_0000--s-43788] --------------  ------------
2019-10-17 16:50:27.699677 PDT | [10-17-vae-clevr_2019_10_17_16_50_21_0000--s-43788] --------------  ------------
2019-10-17 16:50:27.699808 PDT | [10-17-vae-clevr_2019_10_17_16_50_21_0000--s-43788] train/epoch       11
2019-10-17 16:50:27.699919 PDT | [10-17-vae-clevr_2019_10_17_16_50_21_0000--s-43788] train/Log Prob  1029.16
2019-10-17 16:50:27.700013 PDT | [10-17-vae-clevr_2019_10_17_16_50_21_0000--s-43788] test/Log Prob    987.077
2019-10-17 16:50:27.700105 PDT | [10-17-vae-clevr_2019_10_17_16_50_21_0000--s-43788] test/KL         4594.17
2019-10-17 16:50:27.700195 PDT | [10-17-vae-clevr_2019_10_17_16_50_21_0000--s-43788] test/loss       5581.25
2019-10-17 16:50:27.700284 PDT | [10-17-vae-clevr_2019_10_17_16_50_21_0000--s-43788] test/Accuracy      0.0890625
2019-10-17 16:50:27.700373 PDT | [10-17-vae-clevr_2019_10_17_16_50_21_0000--s-43788] beta               0.01
2019-10-17 16:50:27.700461 PDT | [10-17-vae-clevr_2019_10_17_16_50_21_0000--s-43788] --------------  ------------
2019-10-17 16:50:28.061232 PDT | [10-17-vae-clevr_2019_10_17_16_50_21_0000--s-43788] --------------  -----------
2019-10-17 16:50:28.061364 PDT | [10-17-vae-clevr_2019_10_17_16_50_21_0000--s-43788] train/epoch       12
2019-10-17 16:50:28.061440 PDT | [10-17-vae-clevr_2019_10_17_16_50_21_0000--s-43788] train/Log Prob  1021.32
2019-10-17 16:50:28.061509 PDT | [10-17-vae-clevr_2019_10_17_16_50_21_0000--s-43788] test/Log Prob    975.276
2019-10-17 16:50:28.061586 PDT | [10-17-vae-clevr_2019_10_17_16_50_21_0000--s-43788] test/KL         4855.09
2019-10-17 16:50:28.061654 PDT | [10-17-vae-clevr_2019_10_17_16_50_21_0000--s-43788] test/loss       5830.36
2019-10-17 16:50:28.061718 PDT | [10-17-vae-clevr_2019_10_17_16_50_21_0000--s-43788] test/Accuracy      0.104688
2019-10-17 16:50:28.061783 PDT | [10-17-vae-clevr_2019_10_17_16_50_21_0000--s-43788] beta               0.01
2019-10-17 16:50:28.061847 PDT | [10-17-vae-clevr_2019_10_17_16_50_21_0000--s-43788] --------------  -----------
2019-10-17 16:50:28.423718 PDT | [10-17-vae-clevr_2019_10_17_16_50_21_0000--s-43788] --------------  -----------
2019-10-17 16:50:28.423846 PDT | [10-17-vae-clevr_2019_10_17_16_50_21_0000--s-43788] train/epoch       13
2019-10-17 16:50:28.423922 PDT | [10-17-vae-clevr_2019_10_17_16_50_21_0000--s-43788] train/Log Prob  1013.63
2019-10-17 16:50:28.423992 PDT | [10-17-vae-clevr_2019_10_17_16_50_21_0000--s-43788] test/Log Prob    962.152
2019-10-17 16:50:28.424058 PDT | [10-17-vae-clevr_2019_10_17_16_50_21_0000--s-43788] test/KL         5082.71
2019-10-17 16:50:28.424123 PDT | [10-17-vae-clevr_2019_10_17_16_50_21_0000--s-43788] test/loss       6044.86
2019-10-17 16:50:28.424187 PDT | [10-17-vae-clevr_2019_10_17_16_50_21_0000--s-43788] test/Accuracy      0.128125
2019-10-17 16:50:28.424251 PDT | [10-17-vae-clevr_2019_10_17_16_50_21_0000--s-43788] beta               0.01
2019-10-17 16:50:28.424315 PDT | [10-17-vae-clevr_2019_10_17_16_50_21_0000--s-43788] --------------  -----------
2019-10-17 16:50:28.783073 PDT | [10-17-vae-clevr_2019_10_17_16_50_21_0000--s-43788] --------------  ---------
2019-10-17 16:50:28.783300 PDT | [10-17-vae-clevr_2019_10_17_16_50_21_0000--s-43788] train/epoch       14
2019-10-17 16:50:28.783451 PDT | [10-17-vae-clevr_2019_10_17_16_50_21_0000--s-43788] train/Log Prob  1006.02
2019-10-17 16:50:28.783595 PDT | [10-17-vae-clevr_2019_10_17_16_50_21_0000--s-43788] test/Log Prob    950.038
2019-10-17 16:50:28.783728 PDT | [10-17-vae-clevr_2019_10_17_16_50_21_0000--s-43788] test/KL         5241.2
2019-10-17 16:50:28.783867 PDT | [10-17-vae-clevr_2019_10_17_16_50_21_0000--s-43788] test/loss       6191.24
2019-10-17 16:50:28.783946 PDT | [10-17-vae-clevr_2019_10_17_16_50_21_0000--s-43788] test/Accuracy      0.1375
2019-10-17 16:50:28.784012 PDT | [10-17-vae-clevr_2019_10_17_16_50_21_0000--s-43788] beta               0.01
2019-10-17 16:50:28.784076 PDT | [10-17-vae-clevr_2019_10_17_16_50_21_0000--s-43788] --------------  ---------
2019-10-17 16:50:29.155797 PDT | [10-17-vae-clevr_2019_10_17_16_50_21_0000--s-43788] --------------  -----------
2019-10-17 16:50:29.155928 PDT | [10-17-vae-clevr_2019_10_17_16_50_21_0000--s-43788] train/epoch       15
2019-10-17 16:50:29.156014 PDT | [10-17-vae-clevr_2019_10_17_16_50_21_0000--s-43788] train/Log Prob   995.785
2019-10-17 16:50:29.156088 PDT | [10-17-vae-clevr_2019_10_17_16_50_21_0000--s-43788] test/Log Prob    935.718
2019-10-17 16:50:29.156160 PDT | [10-17-vae-clevr_2019_10_17_16_50_21_0000--s-43788] test/KL         5685.11
2019-10-17 16:50:29.156230 PDT | [10-17-vae-clevr_2019_10_17_16_50_21_0000--s-43788] test/loss       6620.82
2019-10-17 16:50:29.156300 PDT | [10-17-vae-clevr_2019_10_17_16_50_21_0000--s-43788] test/Accuracy      0.197656
2019-10-17 16:50:29.156369 PDT | [10-17-vae-clevr_2019_10_17_16_50_21_0000--s-43788] beta               0.01
2019-10-17 16:50:29.156438 PDT | [10-17-vae-clevr_2019_10_17_16_50_21_0000--s-43788] --------------  -----------
2019-10-17 16:50:29.528792 PDT | [10-17-vae-clevr_2019_10_17_16_50_21_0000--s-43788] --------------  -----------
2019-10-17 16:50:29.528923 PDT | [10-17-vae-clevr_2019_10_17_16_50_21_0000--s-43788] train/epoch       16
2019-10-17 16:50:29.529005 PDT | [10-17-vae-clevr_2019_10_17_16_50_21_0000--s-43788] train/Log Prob   980.82
2019-10-17 16:50:29.529082 PDT | [10-17-vae-clevr_2019_10_17_16_50_21_0000--s-43788] test/Log Prob    907.667
2019-10-17 16:50:29.529148 PDT | [10-17-vae-clevr_2019_10_17_16_50_21_0000--s-43788] test/KL         6203.36
2019-10-17 16:50:29.529227 PDT | [10-17-vae-clevr_2019_10_17_16_50_21_0000--s-43788] test/loss       7111.03
2019-10-17 16:50:29.529293 PDT | [10-17-vae-clevr_2019_10_17_16_50_21_0000--s-43788] test/Accuracy      0.326562
2019-10-17 16:50:29.529357 PDT | [10-17-vae-clevr_2019_10_17_16_50_21_0000--s-43788] beta               0.01
2019-10-17 16:50:29.529420 PDT | [10-17-vae-clevr_2019_10_17_16_50_21_0000--s-43788] --------------  -----------
2019-10-17 16:50:29.897654 PDT | [10-17-vae-clevr_2019_10_17_16_50_21_0000--s-43788] --------------  -----------
2019-10-17 16:50:29.897781 PDT | [10-17-vae-clevr_2019_10_17_16_50_21_0000--s-43788] train/epoch       17
2019-10-17 16:50:29.897857 PDT | [10-17-vae-clevr_2019_10_17_16_50_21_0000--s-43788] train/Log Prob   964.854
2019-10-17 16:50:29.897926 PDT | [10-17-vae-clevr_2019_10_17_16_50_21_0000--s-43788] test/Log Prob    889.816
2019-10-17 16:50:29.897992 PDT | [10-17-vae-clevr_2019_10_17_16_50_21_0000--s-43788] test/KL         6765.29
2019-10-17 16:50:29.898057 PDT | [10-17-vae-clevr_2019_10_17_16_50_21_0000--s-43788] test/loss       7655.11
2019-10-17 16:50:29.898123 PDT | [10-17-vae-clevr_2019_10_17_16_50_21_0000--s-43788] test/Accuracy      0.385156
2019-10-17 16:50:29.898188 PDT | [10-17-vae-clevr_2019_10_17_16_50_21_0000--s-43788] beta               0.01
2019-10-17 16:50:29.898253 PDT | [10-17-vae-clevr_2019_10_17_16_50_21_0000--s-43788] --------------  -----------
2019-10-17 16:50:30.292258 PDT | [10-17-vae-clevr_2019_10_17_16_50_21_0000--s-43788] --------------  -----------
2019-10-17 16:50:30.292386 PDT | [10-17-vae-clevr_2019_10_17_16_50_21_0000--s-43788] train/epoch       18
2019-10-17 16:50:30.292464 PDT | [10-17-vae-clevr_2019_10_17_16_50_21_0000--s-43788] train/Log Prob   949.064
2019-10-17 16:50:30.292537 PDT | [10-17-vae-clevr_2019_10_17_16_50_21_0000--s-43788] test/Log Prob    868.021
2019-10-17 16:50:30.292606 PDT | [10-17-vae-clevr_2019_10_17_16_50_21_0000--s-43788] test/KL         7286.67
2019-10-17 16:50:30.292674 PDT | [10-17-vae-clevr_2019_10_17_16_50_21_0000--s-43788] test/loss       8154.69
2019-10-17 16:50:30.292741 PDT | [10-17-vae-clevr_2019_10_17_16_50_21_0000--s-43788] test/Accuracy      0.525781
2019-10-17 16:50:30.292808 PDT | [10-17-vae-clevr_2019_10_17_16_50_21_0000--s-43788] beta               0.01
2019-10-17 16:50:30.292875 PDT | [10-17-vae-clevr_2019_10_17_16_50_21_0000--s-43788] --------------  -----------
2019-10-17 16:50:30.687852 PDT | [10-17-vae-clevr_2019_10_17_16_50_21_0000--s-43788] --------------  -----------
2019-10-17 16:50:30.687992 PDT | [10-17-vae-clevr_2019_10_17_16_50_21_0000--s-43788] train/epoch       19
2019-10-17 16:50:30.688071 PDT | [10-17-vae-clevr_2019_10_17_16_50_21_0000--s-43788] train/Log Prob   933.206
2019-10-17 16:50:30.688145 PDT | [10-17-vae-clevr_2019_10_17_16_50_21_0000--s-43788] test/Log Prob    849.632
2019-10-17 16:50:30.688216 PDT | [10-17-vae-clevr_2019_10_17_16_50_21_0000--s-43788] test/KL         7797.15
2019-10-17 16:50:30.688286 PDT | [10-17-vae-clevr_2019_10_17_16_50_21_0000--s-43788] test/loss       8646.78
2019-10-17 16:50:30.688354 PDT | [10-17-vae-clevr_2019_10_17_16_50_21_0000--s-43788] test/Accuracy      0.635938
2019-10-17 16:50:30.688422 PDT | [10-17-vae-clevr_2019_10_17_16_50_21_0000--s-43788] beta               0.01
2019-10-17 16:50:30.688490 PDT | [10-17-vae-clevr_2019_10_17_16_50_21_0000--s-43788] --------------  -----------
2019-10-17 16:50:31.094075 PDT | [10-17-vae-clevr_2019_10_17_16_50_21_0000--s-43788] --------------  -----------
2019-10-17 16:50:31.094211 PDT | [10-17-vae-clevr_2019_10_17_16_50_21_0000--s-43788] train/epoch       20
2019-10-17 16:50:31.094289 PDT | [10-17-vae-clevr_2019_10_17_16_50_21_0000--s-43788] train/Log Prob   922.356
2019-10-17 16:50:31.094361 PDT | [10-17-vae-clevr_2019_10_17_16_50_21_0000--s-43788] test/Log Prob    835.526
2019-10-17 16:50:31.094432 PDT | [10-17-vae-clevr_2019_10_17_16_50_21_0000--s-43788] test/KL         7814.09
2019-10-17 16:50:31.094500 PDT | [10-17-vae-clevr_2019_10_17_16_50_21_0000--s-43788] test/loss       8649.62
2019-10-17 16:50:31.094568 PDT | [10-17-vae-clevr_2019_10_17_16_50_21_0000--s-43788] test/Accuracy      0.727344
2019-10-17 16:50:31.094646 PDT | [10-17-vae-clevr_2019_10_17_16_50_21_0000--s-43788] beta               0.01
2019-10-17 16:50:31.094715 PDT | [10-17-vae-clevr_2019_10_17_16_50_21_0000--s-43788] --------------  -----------
2019-10-17 16:50:31.482165 PDT | [10-17-vae-clevr_2019_10_17_16_50_21_0000--s-43788] --------------  -----------
2019-10-17 16:50:31.482298 PDT | [10-17-vae-clevr_2019_10_17_16_50_21_0000--s-43788] train/epoch       21
2019-10-17 16:50:31.482376 PDT | [10-17-vae-clevr_2019_10_17_16_50_21_0000--s-43788] train/Log Prob   910.393
2019-10-17 16:50:31.482447 PDT | [10-17-vae-clevr_2019_10_17_16_50_21_0000--s-43788] test/Log Prob    826.782
2019-10-17 16:50:31.482516 PDT | [10-17-vae-clevr_2019_10_17_16_50_21_0000--s-43788] test/KL         7987.93
2019-10-17 16:50:31.482584 PDT | [10-17-vae-clevr_2019_10_17_16_50_21_0000--s-43788] test/loss       8814.72
2019-10-17 16:50:31.482652 PDT | [10-17-vae-clevr_2019_10_17_16_50_21_0000--s-43788] test/Accuracy      0.754687
2019-10-17 16:50:31.482719 PDT | [10-17-vae-clevr_2019_10_17_16_50_21_0000--s-43788] beta               0.01
2019-10-17 16:50:31.482785 PDT | [10-17-vae-clevr_2019_10_17_16_50_21_0000--s-43788] --------------  -----------
2019-10-17 16:50:31.897605 PDT | [10-17-vae-clevr_2019_10_17_16_50_21_0000--s-43788] --------------  -----------
2019-10-17 16:50:31.897739 PDT | [10-17-vae-clevr_2019_10_17_16_50_21_0000--s-43788] train/epoch       22
2019-10-17 16:50:31.897818 PDT | [10-17-vae-clevr_2019_10_17_16_50_21_0000--s-43788] train/Log Prob   898.644
2019-10-17 16:50:31.897889 PDT | [10-17-vae-clevr_2019_10_17_16_50_21_0000--s-43788] test/Log Prob    813.186
2019-10-17 16:50:31.897959 PDT | [10-17-vae-clevr_2019_10_17_16_50_21_0000--s-43788] test/KL         8069.22
2019-10-17 16:50:31.898028 PDT | [10-17-vae-clevr_2019_10_17_16_50_21_0000--s-43788] test/loss       8882.41
2019-10-17 16:50:31.898095 PDT | [10-17-vae-clevr_2019_10_17_16_50_21_0000--s-43788] test/Accuracy      0.861719
2019-10-17 16:50:31.898161 PDT | [10-17-vae-clevr_2019_10_17_16_50_21_0000--s-43788] beta               0.01
2019-10-17 16:50:31.898228 PDT | [10-17-vae-clevr_2019_10_17_16_50_21_0000--s-43788] --------------  -----------
2019-10-17 16:50:32.311313 PDT | [10-17-vae-clevr_2019_10_17_16_50_21_0000--s-43788] --------------  -----------
2019-10-17 16:50:32.311451 PDT | [10-17-vae-clevr_2019_10_17_16_50_21_0000--s-43788] train/epoch       23
2019-10-17 16:50:32.311529 PDT | [10-17-vae-clevr_2019_10_17_16_50_21_0000--s-43788] train/Log Prob   889.972
2019-10-17 16:50:32.311600 PDT | [10-17-vae-clevr_2019_10_17_16_50_21_0000--s-43788] test/Log Prob    800.539
2019-10-17 16:50:32.311669 PDT | [10-17-vae-clevr_2019_10_17_16_50_21_0000--s-43788] test/KL         8378.24
2019-10-17 16:50:32.311736 PDT | [10-17-vae-clevr_2019_10_17_16_50_21_0000--s-43788] test/loss       9178.78
2019-10-17 16:50:32.311803 PDT | [10-17-vae-clevr_2019_10_17_16_50_21_0000--s-43788] test/Accuracy      0.928906
2019-10-17 16:50:32.311870 PDT | [10-17-vae-clevr_2019_10_17_16_50_21_0000--s-43788] beta               0.01
2019-10-17 16:50:32.311935 PDT | [10-17-vae-clevr_2019_10_17_16_50_21_0000--s-43788] --------------  -----------
2019-10-17 16:50:32.723330 PDT | [10-17-vae-clevr_2019_10_17_16_50_21_0000--s-43788] --------------  -----------
2019-10-17 16:50:32.723459 PDT | [10-17-vae-clevr_2019_10_17_16_50_21_0000--s-43788] train/epoch       24
2019-10-17 16:50:32.723537 PDT | [10-17-vae-clevr_2019_10_17_16_50_21_0000--s-43788] train/Log Prob   881.716
2019-10-17 16:50:32.723608 PDT | [10-17-vae-clevr_2019_10_17_16_50_21_0000--s-43788] test/Log Prob    796.933
2019-10-17 16:50:32.723677 PDT | [10-17-vae-clevr_2019_10_17_16_50_21_0000--s-43788] test/KL         8277.05
2019-10-17 16:50:32.723745 PDT | [10-17-vae-clevr_2019_10_17_16_50_21_0000--s-43788] test/loss       9073.98
2019-10-17 16:50:32.723811 PDT | [10-17-vae-clevr_2019_10_17_16_50_21_0000--s-43788] test/Accuracy      0.925781
2019-10-17 16:50:32.723878 PDT | [10-17-vae-clevr_2019_10_17_16_50_21_0000--s-43788] beta               0.01
2019-10-17 16:50:32.723956 PDT | [10-17-vae-clevr_2019_10_17_16_50_21_0000--s-43788] --------------  -----------
2019-10-17 16:50:33.057024 PDT | [10-17-vae-clevr_2019_10_17_16_50_21_0000--s-43788] --------------  -----------
2019-10-17 16:50:33.057157 PDT | [10-17-vae-clevr_2019_10_17_16_50_21_0000--s-43788] train/epoch       25
2019-10-17 16:50:33.057237 PDT | [10-17-vae-clevr_2019_10_17_16_50_21_0000--s-43788] train/Log Prob   875.868
2019-10-17 16:50:33.057310 PDT | [10-17-vae-clevr_2019_10_17_16_50_21_0000--s-43788] test/Log Prob    790.46
2019-10-17 16:50:33.057380 PDT | [10-17-vae-clevr_2019_10_17_16_50_21_0000--s-43788] test/KL         8216.45
2019-10-17 16:50:33.057449 PDT | [10-17-vae-clevr_2019_10_17_16_50_21_0000--s-43788] test/loss       9006.91
2019-10-17 16:50:33.057517 PDT | [10-17-vae-clevr_2019_10_17_16_50_21_0000--s-43788] test/Accuracy      0.949219
2019-10-17 16:50:33.057584 PDT | [10-17-vae-clevr_2019_10_17_16_50_21_0000--s-43788] beta               0.01
2019-10-17 16:50:33.057651 PDT | [10-17-vae-clevr_2019_10_17_16_50_21_0000--s-43788] --------------  -----------
2019-10-17 16:50:33.445064 PDT | [10-17-vae-clevr_2019_10_17_16_50_21_0000--s-43788] --------------  -----------
2019-10-17 16:50:33.445204 PDT | [10-17-vae-clevr_2019_10_17_16_50_21_0000--s-43788] train/epoch       26
2019-10-17 16:50:33.445283 PDT | [10-17-vae-clevr_2019_10_17_16_50_21_0000--s-43788] train/Log Prob   871.244
2019-10-17 16:50:33.445359 PDT | [10-17-vae-clevr_2019_10_17_16_50_21_0000--s-43788] test/Log Prob    787.322
2019-10-17 16:50:33.445429 PDT | [10-17-vae-clevr_2019_10_17_16_50_21_0000--s-43788] test/KL         8177.71
2019-10-17 16:50:33.445498 PDT | [10-17-vae-clevr_2019_10_17_16_50_21_0000--s-43788] test/loss       8965.04
2019-10-17 16:50:33.445565 PDT | [10-17-vae-clevr_2019_10_17_16_50_21_0000--s-43788] test/Accuracy      0.947656
2019-10-17 16:50:33.445633 PDT | [10-17-vae-clevr_2019_10_17_16_50_21_0000--s-43788] beta               0.01
2019-10-17 16:50:33.445700 PDT | [10-17-vae-clevr_2019_10_17_16_50_21_0000--s-43788] --------------  -----------
2019-10-17 16:50:33.850811 PDT | [10-17-vae-clevr_2019_10_17_16_50_21_0000--s-43788] --------------  -----------
2019-10-17 16:50:33.850946 PDT | [10-17-vae-clevr_2019_10_17_16_50_21_0000--s-43788] train/epoch       27
2019-10-17 16:50:33.851413 PDT | [10-17-vae-clevr_2019_10_17_16_50_21_0000--s-43788] train/Log Prob   867.029
2019-10-17 16:50:33.851650 PDT | [10-17-vae-clevr_2019_10_17_16_50_21_0000--s-43788] test/Log Prob    786.683
2019-10-17 16:50:33.851812 PDT | [10-17-vae-clevr_2019_10_17_16_50_21_0000--s-43788] test/KL         7976.38
2019-10-17 16:50:33.851883 PDT | [10-17-vae-clevr_2019_10_17_16_50_21_0000--s-43788] test/loss       8763.06
2019-10-17 16:50:33.851951 PDT | [10-17-vae-clevr_2019_10_17_16_50_21_0000--s-43788] test/Accuracy      0.926562
2019-10-17 16:50:33.852018 PDT | [10-17-vae-clevr_2019_10_17_16_50_21_0000--s-43788] beta               0.01
2019-10-17 16:50:33.852084 PDT | [10-17-vae-clevr_2019_10_17_16_50_21_0000--s-43788] --------------  -----------
2019-10-17 16:50:34.199132 PDT | [10-17-vae-clevr_2019_10_17_16_50_21_0000--s-43788] --------------  -----------
2019-10-17 16:50:34.199272 PDT | [10-17-vae-clevr_2019_10_17_16_50_21_0000--s-43788] train/epoch       28
2019-10-17 16:50:34.199357 PDT | [10-17-vae-clevr_2019_10_17_16_50_21_0000--s-43788] train/Log Prob   864.126
2019-10-17 16:50:34.199434 PDT | [10-17-vae-clevr_2019_10_17_16_50_21_0000--s-43788] test/Log Prob    781.885
2019-10-17 16:50:34.199510 PDT | [10-17-vae-clevr_2019_10_17_16_50_21_0000--s-43788] test/KL         7953.97
2019-10-17 16:50:34.199584 PDT | [10-17-vae-clevr_2019_10_17_16_50_21_0000--s-43788] test/loss       8735.86
2019-10-17 16:50:34.199657 PDT | [10-17-vae-clevr_2019_10_17_16_50_21_0000--s-43788] test/Accuracy      0.964063
2019-10-17 16:50:34.199729 PDT | [10-17-vae-clevr_2019_10_17_16_50_21_0000--s-43788] beta               0.01
2019-10-17 16:50:34.199802 PDT | [10-17-vae-clevr_2019_10_17_16_50_21_0000--s-43788] --------------  -----------
2019-10-17 16:50:34.590424 PDT | [10-17-vae-clevr_2019_10_17_16_50_21_0000--s-43788] --------------  -----------
2019-10-17 16:50:34.590557 PDT | [10-17-vae-clevr_2019_10_17_16_50_21_0000--s-43788] train/epoch       29
2019-10-17 16:50:34.590635 PDT | [10-17-vae-clevr_2019_10_17_16_50_21_0000--s-43788] train/Log Prob   860.411
2019-10-17 16:50:34.590705 PDT | [10-17-vae-clevr_2019_10_17_16_50_21_0000--s-43788] test/Log Prob    779.063
2019-10-17 16:50:34.590774 PDT | [10-17-vae-clevr_2019_10_17_16_50_21_0000--s-43788] test/KL         7947.53
2019-10-17 16:50:34.590841 PDT | [10-17-vae-clevr_2019_10_17_16_50_21_0000--s-43788] test/loss       8726.59
2019-10-17 16:50:34.590908 PDT | [10-17-vae-clevr_2019_10_17_16_50_21_0000--s-43788] test/Accuracy      0.969531
2019-10-17 16:50:34.590975 PDT | [10-17-vae-clevr_2019_10_17_16_50_21_0000--s-43788] beta               0.01
2019-10-17 16:50:34.591041 PDT | [10-17-vae-clevr_2019_10_17_16_50_21_0000--s-43788] --------------  -----------
2019-10-17 16:50:35.012382 PDT | [10-17-vae-clevr_2019_10_17_16_50_21_0000--s-43788] --------------  -----------
2019-10-17 16:50:35.012517 PDT | [10-17-vae-clevr_2019_10_17_16_50_21_0000--s-43788] train/epoch       30
2019-10-17 16:50:35.012596 PDT | [10-17-vae-clevr_2019_10_17_16_50_21_0000--s-43788] train/Log Prob   858.624
2019-10-17 16:50:35.012668 PDT | [10-17-vae-clevr_2019_10_17_16_50_21_0000--s-43788] test/Log Prob    776.933
2019-10-17 16:50:35.012737 PDT | [10-17-vae-clevr_2019_10_17_16_50_21_0000--s-43788] test/KL         7845.33
2019-10-17 16:50:35.012805 PDT | [10-17-vae-clevr_2019_10_17_16_50_21_0000--s-43788] test/loss       8622.26
2019-10-17 16:50:35.012872 PDT | [10-17-vae-clevr_2019_10_17_16_50_21_0000--s-43788] test/Accuracy      0.963281
2019-10-17 16:50:35.012939 PDT | [10-17-vae-clevr_2019_10_17_16_50_21_0000--s-43788] beta               0.01
2019-10-17 16:50:35.013017 PDT | [10-17-vae-clevr_2019_10_17_16_50_21_0000--s-43788] --------------  -----------
2019-10-17 16:50:35.425316 PDT | [10-17-vae-clevr_2019_10_17_16_50_21_0000--s-43788] --------------  -----------
2019-10-17 16:50:35.425454 PDT | [10-17-vae-clevr_2019_10_17_16_50_21_0000--s-43788] train/epoch       31
2019-10-17 16:50:35.425532 PDT | [10-17-vae-clevr_2019_10_17_16_50_21_0000--s-43788] train/Log Prob   855.222
2019-10-17 16:50:35.425605 PDT | [10-17-vae-clevr_2019_10_17_16_50_21_0000--s-43788] test/Log Prob    778.021
2019-10-17 16:50:35.425674 PDT | [10-17-vae-clevr_2019_10_17_16_50_21_0000--s-43788] test/KL         7682.91
2019-10-17 16:50:35.425741 PDT | [10-17-vae-clevr_2019_10_17_16_50_21_0000--s-43788] test/loss       8460.93
2019-10-17 16:50:35.425807 PDT | [10-17-vae-clevr_2019_10_17_16_50_21_0000--s-43788] test/Accuracy      0.957031
2019-10-17 16:50:35.425874 PDT | [10-17-vae-clevr_2019_10_17_16_50_21_0000--s-43788] beta               0.01
2019-10-17 16:50:35.425941 PDT | [10-17-vae-clevr_2019_10_17_16_50_21_0000--s-43788] --------------  -----------
2019-10-17 16:50:35.816601 PDT | [10-17-vae-clevr_2019_10_17_16_50_21_0000--s-43788] --------------  -----------
2019-10-17 16:50:35.816734 PDT | [10-17-vae-clevr_2019_10_17_16_50_21_0000--s-43788] train/epoch       32
2019-10-17 16:50:35.816812 PDT | [10-17-vae-clevr_2019_10_17_16_50_21_0000--s-43788] train/Log Prob   853.764
2019-10-17 16:50:35.816884 PDT | [10-17-vae-clevr_2019_10_17_16_50_21_0000--s-43788] test/Log Prob    776.212
2019-10-17 16:50:35.816953 PDT | [10-17-vae-clevr_2019_10_17_16_50_21_0000--s-43788] test/KL         7689.39
2019-10-17 16:50:35.817032 PDT | [10-17-vae-clevr_2019_10_17_16_50_21_0000--s-43788] test/loss       8465.6
2019-10-17 16:50:35.817102 PDT | [10-17-vae-clevr_2019_10_17_16_50_21_0000--s-43788] test/Accuracy      0.958594
2019-10-17 16:50:35.817169 PDT | [10-17-vae-clevr_2019_10_17_16_50_21_0000--s-43788] beta               0.01
2019-10-17 16:50:35.817237 PDT | [10-17-vae-clevr_2019_10_17_16_50_21_0000--s-43788] --------------  -----------
2019-10-17 16:50:36.215082 PDT | [10-17-vae-clevr_2019_10_17_16_50_21_0000--s-43788] --------------  -----------
2019-10-17 16:50:36.215225 PDT | [10-17-vae-clevr_2019_10_17_16_50_21_0000--s-43788] train/epoch       33
2019-10-17 16:50:36.215305 PDT | [10-17-vae-clevr_2019_10_17_16_50_21_0000--s-43788] train/Log Prob   851.554
2019-10-17 16:50:36.215378 PDT | [10-17-vae-clevr_2019_10_17_16_50_21_0000--s-43788] test/Log Prob    774.448
2019-10-17 16:50:36.215447 PDT | [10-17-vae-clevr_2019_10_17_16_50_21_0000--s-43788] test/KL         7657.96
2019-10-17 16:50:36.215515 PDT | [10-17-vae-clevr_2019_10_17_16_50_21_0000--s-43788] test/loss       8432.41
2019-10-17 16:50:36.215583 PDT | [10-17-vae-clevr_2019_10_17_16_50_21_0000--s-43788] test/Accuracy      0.955469
2019-10-17 16:50:36.215650 PDT | [10-17-vae-clevr_2019_10_17_16_50_21_0000--s-43788] beta               0.01
2019-10-17 16:50:36.215717 PDT | [10-17-vae-clevr_2019_10_17_16_50_21_0000--s-43788] --------------  -----------
2019-10-17 16:50:36.624200 PDT | [10-17-vae-clevr_2019_10_17_16_50_21_0000--s-43788] --------------  -----------
2019-10-17 16:50:36.624337 PDT | [10-17-vae-clevr_2019_10_17_16_50_21_0000--s-43788] train/epoch       34
2019-10-17 16:50:36.624415 PDT | [10-17-vae-clevr_2019_10_17_16_50_21_0000--s-43788] train/Log Prob   849.53
2019-10-17 16:50:36.624487 PDT | [10-17-vae-clevr_2019_10_17_16_50_21_0000--s-43788] test/Log Prob    771.601
2019-10-17 16:50:36.624558 PDT | [10-17-vae-clevr_2019_10_17_16_50_21_0000--s-43788] test/KL         7671.91
2019-10-17 16:50:36.624627 PDT | [10-17-vae-clevr_2019_10_17_16_50_21_0000--s-43788] test/loss       8443.51
2019-10-17 16:50:36.624695 PDT | [10-17-vae-clevr_2019_10_17_16_50_21_0000--s-43788] test/Accuracy      0.971094
2019-10-17 16:50:36.624763 PDT | [10-17-vae-clevr_2019_10_17_16_50_21_0000--s-43788] beta               0.01
2019-10-17 16:50:36.624831 PDT | [10-17-vae-clevr_2019_10_17_16_50_21_0000--s-43788] --------------  -----------
2019-10-17 16:50:37.034408 PDT | [10-17-vae-clevr_2019_10_17_16_50_21_0000--s-43788] --------------  -----------
2019-10-17 16:50:37.034541 PDT | [10-17-vae-clevr_2019_10_17_16_50_21_0000--s-43788] train/epoch       35
2019-10-17 16:50:37.034620 PDT | [10-17-vae-clevr_2019_10_17_16_50_21_0000--s-43788] train/Log Prob   847.725
2019-10-17 16:50:37.034693 PDT | [10-17-vae-clevr_2019_10_17_16_50_21_0000--s-43788] test/Log Prob    772.442
2019-10-17 16:50:37.034763 PDT | [10-17-vae-clevr_2019_10_17_16_50_21_0000--s-43788] test/KL         7552.34
2019-10-17 16:50:37.034831 PDT | [10-17-vae-clevr_2019_10_17_16_50_21_0000--s-43788] test/loss       8324.78
2019-10-17 16:50:37.034899 PDT | [10-17-vae-clevr_2019_10_17_16_50_21_0000--s-43788] test/Accuracy      0.955469
2019-10-17 16:50:37.034967 PDT | [10-17-vae-clevr_2019_10_17_16_50_21_0000--s-43788] beta               0.01
2019-10-17 16:50:37.035034 PDT | [10-17-vae-clevr_2019_10_17_16_50_21_0000--s-43788] --------------  -----------
2019-10-17 16:50:37.432839 PDT | [10-17-vae-clevr_2019_10_17_16_50_21_0000--s-43788] --------------  -----------
2019-10-17 16:50:37.432977 PDT | [10-17-vae-clevr_2019_10_17_16_50_21_0000--s-43788] train/epoch       36
2019-10-17 16:50:37.433057 PDT | [10-17-vae-clevr_2019_10_17_16_50_21_0000--s-43788] train/Log Prob   846.709
2019-10-17 16:50:37.433129 PDT | [10-17-vae-clevr_2019_10_17_16_50_21_0000--s-43788] test/Log Prob    770.637
2019-10-17 16:50:37.433199 PDT | [10-17-vae-clevr_2019_10_17_16_50_21_0000--s-43788] test/KL         7573.83
2019-10-17 16:50:37.433269 PDT | [10-17-vae-clevr_2019_10_17_16_50_21_0000--s-43788] test/loss       8344.46
2019-10-17 16:50:37.433337 PDT | [10-17-vae-clevr_2019_10_17_16_50_21_0000--s-43788] test/Accuracy      0.971094
2019-10-17 16:50:37.433404 PDT | [10-17-vae-clevr_2019_10_17_16_50_21_0000--s-43788] beta               0.01
2019-10-17 16:50:37.433472 PDT | [10-17-vae-clevr_2019_10_17_16_50_21_0000--s-43788] --------------  -----------
2019-10-17 16:50:37.828188 PDT | [10-17-vae-clevr_2019_10_17_16_50_21_0000--s-43788] --------------  ----------
2019-10-17 16:50:37.828319 PDT | [10-17-vae-clevr_2019_10_17_16_50_21_0000--s-43788] train/epoch       37
2019-10-17 16:50:37.828408 PDT | [10-17-vae-clevr_2019_10_17_16_50_21_0000--s-43788] train/Log Prob   844.672
2019-10-17 16:50:37.828482 PDT | [10-17-vae-clevr_2019_10_17_16_50_21_0000--s-43788] test/Log Prob    770.81
2019-10-17 16:50:37.828550 PDT | [10-17-vae-clevr_2019_10_17_16_50_21_0000--s-43788] test/KL         7330.91
2019-10-17 16:50:37.828618 PDT | [10-17-vae-clevr_2019_10_17_16_50_21_0000--s-43788] test/loss       8101.72
2019-10-17 16:50:37.828684 PDT | [10-17-vae-clevr_2019_10_17_16_50_21_0000--s-43788] test/Accuracy      0.96875
2019-10-17 16:50:37.828749 PDT | [10-17-vae-clevr_2019_10_17_16_50_21_0000--s-43788] beta               0.01
2019-10-17 16:50:37.828814 PDT | [10-17-vae-clevr_2019_10_17_16_50_21_0000--s-43788] --------------  ----------
2019-10-17 16:50:38.231809 PDT | [10-17-vae-clevr_2019_10_17_16_50_21_0000--s-43788] --------------  -----------
2019-10-17 16:50:38.231947 PDT | [10-17-vae-clevr_2019_10_17_16_50_21_0000--s-43788] train/epoch       38
2019-10-17 16:50:38.232030 PDT | [10-17-vae-clevr_2019_10_17_16_50_21_0000--s-43788] train/Log Prob   843.498
2019-10-17 16:50:38.232108 PDT | [10-17-vae-clevr_2019_10_17_16_50_21_0000--s-43788] test/Log Prob    769.736
2019-10-17 16:50:38.232183 PDT | [10-17-vae-clevr_2019_10_17_16_50_21_0000--s-43788] test/KL         7307.19
2019-10-17 16:50:38.232256 PDT | [10-17-vae-clevr_2019_10_17_16_50_21_0000--s-43788] test/loss       8076.92
2019-10-17 16:50:38.232329 PDT | [10-17-vae-clevr_2019_10_17_16_50_21_0000--s-43788] test/Accuracy      0.967187
2019-10-17 16:50:38.232401 PDT | [10-17-vae-clevr_2019_10_17_16_50_21_0000--s-43788] beta               0.01
2019-10-17 16:50:38.232473 PDT | [10-17-vae-clevr_2019_10_17_16_50_21_0000--s-43788] --------------  -----------
2019-10-17 16:50:38.638033 PDT | [10-17-vae-clevr_2019_10_17_16_50_21_0000--s-43788] --------------  -----------
2019-10-17 16:50:38.638167 PDT | [10-17-vae-clevr_2019_10_17_16_50_21_0000--s-43788] train/epoch       39
2019-10-17 16:50:38.638246 PDT | [10-17-vae-clevr_2019_10_17_16_50_21_0000--s-43788] train/Log Prob   842.772
2019-10-17 16:50:38.638318 PDT | [10-17-vae-clevr_2019_10_17_16_50_21_0000--s-43788] test/Log Prob    769.525
2019-10-17 16:50:38.638387 PDT | [10-17-vae-clevr_2019_10_17_16_50_21_0000--s-43788] test/KL         7246.63
2019-10-17 16:50:38.638454 PDT | [10-17-vae-clevr_2019_10_17_16_50_21_0000--s-43788] test/loss       8016.15
2019-10-17 16:50:38.638521 PDT | [10-17-vae-clevr_2019_10_17_16_50_21_0000--s-43788] test/Accuracy      0.966406
2019-10-17 16:50:38.638589 PDT | [10-17-vae-clevr_2019_10_17_16_50_21_0000--s-43788] beta               0.01
2019-10-17 16:50:38.638655 PDT | [10-17-vae-clevr_2019_10_17_16_50_21_0000--s-43788] --------------  -----------
2019-10-17 16:50:39.048372 PDT | [10-17-vae-clevr_2019_10_17_16_50_21_0000--s-43788] --------------  -----------
2019-10-17 16:50:39.048511 PDT | [10-17-vae-clevr_2019_10_17_16_50_21_0000--s-43788] train/epoch       40
2019-10-17 16:50:39.048953 PDT | [10-17-vae-clevr_2019_10_17_16_50_21_0000--s-43788] train/Log Prob   841.694
2019-10-17 16:50:39.049069 PDT | [10-17-vae-clevr_2019_10_17_16_50_21_0000--s-43788] test/Log Prob    766.983
2019-10-17 16:50:39.049152 PDT | [10-17-vae-clevr_2019_10_17_16_50_21_0000--s-43788] test/KL         7309.52
2019-10-17 16:50:39.049229 PDT | [10-17-vae-clevr_2019_10_17_16_50_21_0000--s-43788] test/loss       8076.51
2019-10-17 16:50:39.049303 PDT | [10-17-vae-clevr_2019_10_17_16_50_21_0000--s-43788] test/Accuracy      0.976562
2019-10-17 16:50:39.049377 PDT | [10-17-vae-clevr_2019_10_17_16_50_21_0000--s-43788] beta               0.01
2019-10-17 16:50:39.049451 PDT | [10-17-vae-clevr_2019_10_17_16_50_21_0000--s-43788] --------------  -----------
2019-10-17 16:50:39.460332 PDT | [10-17-vae-clevr_2019_10_17_16_50_21_0000--s-43788] --------------  -----------
2019-10-17 16:50:39.460467 PDT | [10-17-vae-clevr_2019_10_17_16_50_21_0000--s-43788] train/epoch       41
2019-10-17 16:50:39.460546 PDT | [10-17-vae-clevr_2019_10_17_16_50_21_0000--s-43788] train/Log Prob   840.105
2019-10-17 16:50:39.460629 PDT | [10-17-vae-clevr_2019_10_17_16_50_21_0000--s-43788] test/Log Prob    766.889
2019-10-17 16:50:39.460700 PDT | [10-17-vae-clevr_2019_10_17_16_50_21_0000--s-43788] test/KL         7224.2
2019-10-17 16:50:39.460768 PDT | [10-17-vae-clevr_2019_10_17_16_50_21_0000--s-43788] test/loss       7991.09
2019-10-17 16:50:39.460835 PDT | [10-17-vae-clevr_2019_10_17_16_50_21_0000--s-43788] test/Accuracy      0.967969
2019-10-17 16:50:39.460902 PDT | [10-17-vae-clevr_2019_10_17_16_50_21_0000--s-43788] beta               0.01
2019-10-17 16:50:39.460976 PDT | [10-17-vae-clevr_2019_10_17_16_50_21_0000--s-43788] --------------  -----------
2019-10-17 16:50:39.851222 PDT | [10-17-vae-clevr_2019_10_17_16_50_21_0000--s-43788] --------------  -----------
2019-10-17 16:50:39.851357 PDT | [10-17-vae-clevr_2019_10_17_16_50_21_0000--s-43788] train/epoch       42
2019-10-17 16:50:39.851435 PDT | [10-17-vae-clevr_2019_10_17_16_50_21_0000--s-43788] train/Log Prob   839.339
2019-10-17 16:50:39.851507 PDT | [10-17-vae-clevr_2019_10_17_16_50_21_0000--s-43788] test/Log Prob    766.42
2019-10-17 16:50:39.851577 PDT | [10-17-vae-clevr_2019_10_17_16_50_21_0000--s-43788] test/KL         7308.65
2019-10-17 16:50:39.851645 PDT | [10-17-vae-clevr_2019_10_17_16_50_21_0000--s-43788] test/loss       8075.07
2019-10-17 16:50:39.851712 PDT | [10-17-vae-clevr_2019_10_17_16_50_21_0000--s-43788] test/Accuracy      0.970313
2019-10-17 16:50:39.851779 PDT | [10-17-vae-clevr_2019_10_17_16_50_21_0000--s-43788] beta               0.01
2019-10-17 16:50:39.851845 PDT | [10-17-vae-clevr_2019_10_17_16_50_21_0000--s-43788] --------------  -----------
2019-10-17 16:50:40.245121 PDT | [10-17-vae-clevr_2019_10_17_16_50_21_0000--s-43788] --------------  ---------
2019-10-17 16:50:40.245252 PDT | [10-17-vae-clevr_2019_10_17_16_50_21_0000--s-43788] train/epoch       43
2019-10-17 16:50:40.245375 PDT | [10-17-vae-clevr_2019_10_17_16_50_21_0000--s-43788] train/Log Prob   837.698
2019-10-17 16:50:40.245475 PDT | [10-17-vae-clevr_2019_10_17_16_50_21_0000--s-43788] test/Log Prob    766.429
2019-10-17 16:50:40.245572 PDT | [10-17-vae-clevr_2019_10_17_16_50_21_0000--s-43788] test/KL         7012.84
2019-10-17 16:50:40.245667 PDT | [10-17-vae-clevr_2019_10_17_16_50_21_0000--s-43788] test/loss       7779.27
2019-10-17 16:50:40.245762 PDT | [10-17-vae-clevr_2019_10_17_16_50_21_0000--s-43788] test/Accuracy      0.9625
2019-10-17 16:50:40.245857 PDT | [10-17-vae-clevr_2019_10_17_16_50_21_0000--s-43788] beta               0.01
2019-10-17 16:50:40.245951 PDT | [10-17-vae-clevr_2019_10_17_16_50_21_0000--s-43788] --------------  ---------
2019-10-17 16:50:40.660820 PDT | [10-17-vae-clevr_2019_10_17_16_50_21_0000--s-43788] --------------  -----------
2019-10-17 16:50:40.660962 PDT | [10-17-vae-clevr_2019_10_17_16_50_21_0000--s-43788] train/epoch       44
2019-10-17 16:50:40.661042 PDT | [10-17-vae-clevr_2019_10_17_16_50_21_0000--s-43788] train/Log Prob   837.114
2019-10-17 16:50:40.661114 PDT | [10-17-vae-clevr_2019_10_17_16_50_21_0000--s-43788] test/Log Prob    767.081
2019-10-17 16:50:40.661184 PDT | [10-17-vae-clevr_2019_10_17_16_50_21_0000--s-43788] test/KL         7020.19
2019-10-17 16:50:40.661253 PDT | [10-17-vae-clevr_2019_10_17_16_50_21_0000--s-43788] test/loss       7787.28
2019-10-17 16:50:40.661319 PDT | [10-17-vae-clevr_2019_10_17_16_50_21_0000--s-43788] test/Accuracy      0.964844
2019-10-17 16:50:40.661386 PDT | [10-17-vae-clevr_2019_10_17_16_50_21_0000--s-43788] beta               0.01
2019-10-17 16:50:40.661453 PDT | [10-17-vae-clevr_2019_10_17_16_50_21_0000--s-43788] --------------  -----------
2019-10-17 16:50:41.065244 PDT | [10-17-vae-clevr_2019_10_17_16_50_21_0000--s-43788] --------------  -----------
2019-10-17 16:50:41.065388 PDT | [10-17-vae-clevr_2019_10_17_16_50_21_0000--s-43788] train/epoch       45
2019-10-17 16:50:41.065466 PDT | [10-17-vae-clevr_2019_10_17_16_50_21_0000--s-43788] train/Log Prob   836.577
2019-10-17 16:50:41.065537 PDT | [10-17-vae-clevr_2019_10_17_16_50_21_0000--s-43788] test/Log Prob    766.317
2019-10-17 16:50:41.065606 PDT | [10-17-vae-clevr_2019_10_17_16_50_21_0000--s-43788] test/KL         6944.17
2019-10-17 16:50:41.065684 PDT | [10-17-vae-clevr_2019_10_17_16_50_21_0000--s-43788] test/loss       7710.48
2019-10-17 16:50:41.065758 PDT | [10-17-vae-clevr_2019_10_17_16_50_21_0000--s-43788] test/Accuracy      0.966406
2019-10-17 16:50:41.065825 PDT | [10-17-vae-clevr_2019_10_17_16_50_21_0000--s-43788] beta               0.01
2019-10-17 16:50:41.065891 PDT | [10-17-vae-clevr_2019_10_17_16_50_21_0000--s-43788] --------------  -----------
2019-10-17 16:50:41.471769 PDT | [10-17-vae-clevr_2019_10_17_16_50_21_0000--s-43788] --------------  -----------
2019-10-17 16:50:41.471978 PDT | [10-17-vae-clevr_2019_10_17_16_50_21_0000--s-43788] train/epoch       46
2019-10-17 16:50:41.472105 PDT | [10-17-vae-clevr_2019_10_17_16_50_21_0000--s-43788] train/Log Prob   835.478
2019-10-17 16:50:41.472228 PDT | [10-17-vae-clevr_2019_10_17_16_50_21_0000--s-43788] test/Log Prob    765.833
2019-10-17 16:50:41.472348 PDT | [10-17-vae-clevr_2019_10_17_16_50_21_0000--s-43788] test/KL         6882.34
2019-10-17 16:50:41.472468 PDT | [10-17-vae-clevr_2019_10_17_16_50_21_0000--s-43788] test/loss       7648.17
2019-10-17 16:50:41.472586 PDT | [10-17-vae-clevr_2019_10_17_16_50_21_0000--s-43788] test/Accuracy      0.973437
2019-10-17 16:50:41.472705 PDT | [10-17-vae-clevr_2019_10_17_16_50_21_0000--s-43788] beta               0.01
2019-10-17 16:50:41.472821 PDT | [10-17-vae-clevr_2019_10_17_16_50_21_0000--s-43788] --------------  -----------
2019-10-17 16:50:41.866812 PDT | [10-17-vae-clevr_2019_10_17_16_50_21_0000--s-43788] --------------  -----------
2019-10-17 16:50:41.866941 PDT | [10-17-vae-clevr_2019_10_17_16_50_21_0000--s-43788] train/epoch       47
2019-10-17 16:50:41.867016 PDT | [10-17-vae-clevr_2019_10_17_16_50_21_0000--s-43788] train/Log Prob   834.601
2019-10-17 16:50:41.867084 PDT | [10-17-vae-clevr_2019_10_17_16_50_21_0000--s-43788] test/Log Prob    763.816
2019-10-17 16:50:41.867151 PDT | [10-17-vae-clevr_2019_10_17_16_50_21_0000--s-43788] test/KL         6988.79
2019-10-17 16:50:41.867218 PDT | [10-17-vae-clevr_2019_10_17_16_50_21_0000--s-43788] test/loss       7752.6
2019-10-17 16:50:41.867282 PDT | [10-17-vae-clevr_2019_10_17_16_50_21_0000--s-43788] test/Accuracy      0.983594
2019-10-17 16:50:41.867346 PDT | [10-17-vae-clevr_2019_10_17_16_50_21_0000--s-43788] beta               0.01
2019-10-17 16:50:41.867409 PDT | [10-17-vae-clevr_2019_10_17_16_50_21_0000--s-43788] --------------  -----------
2019-10-17 16:50:42.240020 PDT | [10-17-vae-clevr_2019_10_17_16_50_21_0000--s-43788] --------------  -----------
2019-10-17 16:50:42.240148 PDT | [10-17-vae-clevr_2019_10_17_16_50_21_0000--s-43788] train/epoch       48
2019-10-17 16:50:42.240222 PDT | [10-17-vae-clevr_2019_10_17_16_50_21_0000--s-43788] train/Log Prob   833.453
2019-10-17 16:50:42.240290 PDT | [10-17-vae-clevr_2019_10_17_16_50_21_0000--s-43788] test/Log Prob    765.23
2019-10-17 16:50:42.240356 PDT | [10-17-vae-clevr_2019_10_17_16_50_21_0000--s-43788] test/KL         6756.4
2019-10-17 16:50:42.240421 PDT | [10-17-vae-clevr_2019_10_17_16_50_21_0000--s-43788] test/loss       7521.62
2019-10-17 16:50:42.240485 PDT | [10-17-vae-clevr_2019_10_17_16_50_21_0000--s-43788] test/Accuracy      0.967969
2019-10-17 16:50:42.240549 PDT | [10-17-vae-clevr_2019_10_17_16_50_21_0000--s-43788] beta               0.01
2019-10-17 16:50:42.240612 PDT | [10-17-vae-clevr_2019_10_17_16_50_21_0000--s-43788] --------------  -----------
2019-10-17 16:50:42.612393 PDT | [10-17-vae-clevr_2019_10_17_16_50_21_0000--s-43788] --------------  -----------
2019-10-17 16:50:42.612521 PDT | [10-17-vae-clevr_2019_10_17_16_50_21_0000--s-43788] train/epoch       49
2019-10-17 16:50:42.612597 PDT | [10-17-vae-clevr_2019_10_17_16_50_21_0000--s-43788] train/Log Prob   832.496
2019-10-17 16:50:42.612666 PDT | [10-17-vae-clevr_2019_10_17_16_50_21_0000--s-43788] test/Log Prob    763.838
2019-10-17 16:50:42.612738 PDT | [10-17-vae-clevr_2019_10_17_16_50_21_0000--s-43788] test/KL         6862.61
2019-10-17 16:50:42.612803 PDT | [10-17-vae-clevr_2019_10_17_16_50_21_0000--s-43788] test/loss       7626.45
2019-10-17 16:50:42.612879 PDT | [10-17-vae-clevr_2019_10_17_16_50_21_0000--s-43788] test/Accuracy      0.977344
2019-10-17 16:50:42.612945 PDT | [10-17-vae-clevr_2019_10_17_16_50_21_0000--s-43788] beta               0.01
2019-10-17 16:50:42.613018 PDT | [10-17-vae-clevr_2019_10_17_16_50_21_0000--s-43788] --------------  -----------
